<?xml version="1.0" encoding="UTF-8"?>
<testsuite name="NoteServiceTest" tests="5" skipped="0" failures="0" errors="0" timestamp="2024-02-10T13:56:53" hostname="LAPTOP-OMRF39NI" time="0.107">
  <properties/>
  <testcase name="addNote" classname="NoteServiceTest" time="0.083"/>
  <testcase name="notesDeleteComment" classname="NoteServiceTest" time="0.022"/>
  <testcase name="editNote" classname="NoteServiceTest" time="0.0"/>
  <testcase name="deleteNote" classname="NoteServiceTest" time="0.001"/>
  <testcase name="notesCreateComment" classname="NoteServiceTest" time="0.0"/>
  <system-out><![CDATA[]]></system-out>
  <system-err><![CDATA[]]></system-err>
</testsuite>
