<?xml version="1.0" encoding="UTF-8"?>
<testsuite name="NoteServiceTest" tests="8" skipped="0" failures="0" errors="0" timestamp="2024-02-17T23:44:26" hostname="LAPTOP-OMRF39NI" time="0.16">
  <properties/>
  <testcase name="restoreNotesComment" classname="NoteServiceTest" time="0.124"/>
  <testcase name="addNote" classname="NoteServiceTest" time="0.0"/>
  <testcase name="notesEditComment" classname="NoteServiceTest" time="0.0"/>
  <testcase name="notesDeleteComment" classname="NoteServiceTest" time="0.0"/>
  <testcase name="editNote" classname="NoteServiceTest" time="0.0"/>
  <testcase name="deleteNote" classname="NoteServiceTest" time="0.031"/>
  <testcase name="getNotesById" classname="NoteServiceTest" time="0.0"/>
  <testcase name="notesCreateComment" classname="NoteServiceTest" time="0.0"/>
  <system-out><![CDATA[]]></system-out>
  <system-err><![CDATA[]]></system-err>
</testsuite>
